Performing C SOURCE FILE Test CMAKE_HAVE_LIBC_PTHREAD failed with the following output:
Change Dir: /media/consti10/ade719d9-e80a-46da-8802-58ca3b8e08bc/rv1126/app/mediaserver/cmake-build-debug/CMakeFiles/CMakeTmp

Run Build Command(s):/usr/bin/make cmTC_451b5/fast && /usr/bin/make  -f CMakeFiles/cmTC_451b5.dir/build.make CMakeFiles/cmTC_451b5.dir/build
make[1]: Entering directory '/media/consti10/ade719d9-e80a-46da-8802-58ca3b8e08bc/rv1126/app/mediaserver/cmake-build-debug/CMakeFiles/CMakeTmp'
Building C object CMakeFiles/cmTC_451b5.dir/src.c.o
/usr/bin/cc -DCMAKE_HAVE_LIBC_PTHREAD   -o CMakeFiles/cmTC_451b5.dir/src.c.o -c /media/consti10/ade719d9-e80a-46da-8802-58ca3b8e08bc/rv1126/app/mediaserver/cmake-build-debug/CMakeFiles/CMakeTmp/src.c
Linking C executable cmTC_451b5
/home/consti10/Downloads/clion-2020.3/bin/cmake/linux/bin/cmake -E cmake_link_script CMakeFiles/cmTC_451b5.dir/link.txt --verbose=1
/usr/bin/cc -rdynamic CMakeFiles/cmTC_451b5.dir/src.c.o -o cmTC_451b5 
/usr/bin/ld: CMakeFiles/cmTC_451b5.dir/src.c.o: in function `main':
src.c:(.text+0x46): undefined reference to `pthread_create'
/usr/bin/ld: src.c:(.text+0x52): undefined reference to `pthread_detach'
/usr/bin/ld: src.c:(.text+0x5e): undefined reference to `pthread_cancel'
/usr/bin/ld: src.c:(.text+0x6f): undefined reference to `pthread_join'
collect2: error: ld returned 1 exit status
make[1]: *** [CMakeFiles/cmTC_451b5.dir/build.make:106: cmTC_451b5] Error 1
make[1]: Leaving directory '/media/consti10/ade719d9-e80a-46da-8802-58ca3b8e08bc/rv1126/app/mediaserver/cmake-build-debug/CMakeFiles/CMakeTmp'
make: *** [Makefile:140: cmTC_451b5/fast] Error 2


Source file was:
#include <pthread.h>

static void* test_func(void* data)
{
  return data;
}

int main(void)
{
  pthread_t thread;
  pthread_create(&thread, NULL, test_func, NULL);
  pthread_detach(thread);
  pthread_cancel(thread);
  pthread_join(thread, NULL);
  pthread_atfork(NULL, NULL, NULL);
  pthread_exit(NULL);

  return 0;
}

Determining if the function pthread_create exists in the pthreads failed with the following output:
Change Dir: /media/consti10/ade719d9-e80a-46da-8802-58ca3b8e08bc/rv1126/app/mediaserver/cmake-build-debug/CMakeFiles/CMakeTmp

Run Build Command(s):/usr/bin/make cmTC_8da8a/fast && /usr/bin/make  -f CMakeFiles/cmTC_8da8a.dir/build.make CMakeFiles/cmTC_8da8a.dir/build
make[1]: Entering directory '/media/consti10/ade719d9-e80a-46da-8802-58ca3b8e08bc/rv1126/app/mediaserver/cmake-build-debug/CMakeFiles/CMakeTmp'
Building C object CMakeFiles/cmTC_8da8a.dir/CheckFunctionExists.c.o
/usr/bin/cc   -DCHECK_FUNCTION_EXISTS=pthread_create -o CMakeFiles/cmTC_8da8a.dir/CheckFunctionExists.c.o -c /home/consti10/Downloads/clion-2020.3/bin/cmake/linux/share/cmake-3.19/Modules/CheckFunctionExists.c
Linking C executable cmTC_8da8a
/home/consti10/Downloads/clion-2020.3/bin/cmake/linux/bin/cmake -E cmake_link_script CMakeFiles/cmTC_8da8a.dir/link.txt --verbose=1
/usr/bin/cc  -DCHECK_FUNCTION_EXISTS=pthread_create -rdynamic CMakeFiles/cmTC_8da8a.dir/CheckFunctionExists.c.o -o cmTC_8da8a  -lpthreads 
/usr/bin/ld: cannot find -lpthreads
collect2: error: ld returned 1 exit status
make[1]: *** [CMakeFiles/cmTC_8da8a.dir/build.make:106: cmTC_8da8a] Error 1
make[1]: Leaving directory '/media/consti10/ade719d9-e80a-46da-8802-58ca3b8e08bc/rv1126/app/mediaserver/cmake-build-debug/CMakeFiles/CMakeTmp'
make: *** [Makefile:140: cmTC_8da8a/fast] Error 2



